<?xml version="1.0" encoding="UTF-8"?>
<!-- Generated by org.testng.reporters.JUnitReportReporter -->
<testsuite hostname="CPDK020" failures="0" tests="1" name="com.APITesting.ProjectGetAndPost" time="2.996" errors="0" timestamp="2024-07-05T16:58:24 IST" skipped="0">
  <testcase classname="com.APITesting.ProjectGetAndPost" name="POSTRequest1" time="2.996"/>
</testsuite> <!-- com.APITesting.ProjectGetAndPost -->
