<?xml version="1.0" encoding="UTF-8"?>
<!-- Generated by org.testng.reporters.JUnitReportReporter -->
<testsuite hostname="CPDK020" failures="0" tests="1" name="com.APITesting.FirstTest" time="5.124" errors="0" timestamp="2024-07-05T12:20:10 IST" skipped="0">
  <testcase classname="com.APITesting.FirstTest" name="GETApiTest2" time="5.124"/>
</testsuite> <!-- com.APITesting.FirstTest -->
