<?xml version="1.0" encoding="UTF-8"?>
<!-- Generated by org.testng.reporters.JUnitReportReporter -->
<testsuite hostname="CPDK020" failures="0" tests="1" name="com.APITesting.ReactProjectHomepage" time="3.747" errors="0" timestamp="2024-07-05T13:55:10 IST" skipped="0">
  <testcase classname="com.APITesting.ReactProjectHomepage" name="LoginApiTest" time="3.747"/>
</testsuite> <!-- com.APITesting.ReactProjectHomepage -->
