<?xml version="1.0" encoding="UTF-8"?>
<!-- Generated by org.testng.reporters.JUnitReportReporter -->
<testsuite hostname="CPDK020" failures="0" tests="1" name="stepDefinition.CucumberTestRunner" time="53.265" errors="0" timestamp="2024-08-01T12:40:07 IST" skipped="0">
  <testcase classname="stepDefinition.CucumberTestRunner" name="runScenario" time="53.265"/>
</testsuite> <!-- stepDefinition.CucumberTestRunner -->
