<?xml version="1.0" encoding="UTF-8"?>
<!-- Generated by org.testng.reporters.JUnitReportReporter -->
<testsuite hostname="CPDK020" failures="0" tests="1" name="com.APITesting.JSONSchemaValidator" time="3.739" errors="0" timestamp="2024-07-05T17:00:54 IST" skipped="0">
  <testcase classname="com.APITesting.JSONSchemaValidator" name="testGet1" time="3.739"/>
</testsuite> <!-- com.APITesting.JSONSchemaValidator -->
