<?xml version="1.0" encoding="UTF-8"?>
<!-- Generated by org.testng.reporters.JUnitReportReporter -->
<testsuite hostname="CPDK020" failures="0" tests="1" name="com.APITesting.ProjectPutPatchAndDelete" time="2.873" errors="0" timestamp="2024-07-05T17:14:48 IST" skipped="0">
  <testcase classname="com.APITesting.ProjectPutPatchAndDelete" name="DELETERequest" time="2.873"/>
</testsuite> <!-- com.APITesting.ProjectPutPatchAndDelete -->
